{"email":"nick@gmail.com","level":"error","message":"Unable to Create Customer Error 500","timestamp":"2024-10-26T08:19:31.020Z"}
{"email":"nick@gmail.com","level":"error","message":"Unable to log User Error 401","timestamp":"2024-10-26T09:16:07.777Z"}
{"email":"nick@gmail.com","level":"error","message":"Unable to log User Error 401","timestamp":"2024-10-26T09:16:58.992Z"}
{"email":"nick@gmail.com","level":"error","message":"Unable to log User Error 401","timestamp":"2024-10-26T09:17:57.787Z"}
{"email":"nick@gmail.com","level":"error","message":"User not found","timestamp":"2024-10-26T09:18:17.014Z"}
{"email":"nick@gmail.com","level":"error","message":"Unable to log User Error 401","timestamp":"2024-10-26T09:19:00.245Z"}
{"email":"nick@gmail.com","level":"error","message":"Unable to log User Error 401","timestamp":"2024-10-26T09:19:38.658Z"}
{"email":"nick@gmail.com","level":"error","message":"Unable to log User Error 401","timestamp":"2024-10-26T09:20:32.735Z"}
{"email":"nick@gmail.com","level":"error","message":"Unable to log User Error 401","timestamp":"2024-10-26T09:21:33.626Z"}
{"email":"nick@gmail.com","level":"error","message":"user already exists","timestamp":"2024-10-26T11:17:53.452Z"}
{"email":"nick@gmail.com","level":"error","message":"Unable to Create Customer Error 500","timestamp":"2024-10-26T11:17:53.653Z"}
{"email":"nick@gmail.com","level":"error","message":"Unable to Create Customer Error 500","timestamp":"2024-10-26T12:10:59.512Z"}
{"email":"nick@gmail.com","level":"error","message":"Unable to Create Customer Error 500","timestamp":"2024-10-26T12:11:42.064Z"}
{"email":"nick@gmail.com","level":"error","message":"Unable to Create Customer Error 500","timestamp":"2024-10-26T12:14:07.052Z"}
{"email":"nick@gmail.com","level":"error","message":"Unable to Create Customer Error 500","timestamp":"2024-10-26T12:20:48.790Z"}
{"email":"nick@gmail.com","level":"error","message":"Unable to Create Customer Error 500","timestamp":"2024-10-26T12:20:49.028Z"}
{"email":"nick@gmail.com","level":"error","message":"Unable to Create Customer Error 500","timestamp":"2024-10-26T12:20:50.822Z"}
{"email":"nick@gmail.com","level":"error","message":"Unable to Create Customer Error 500","timestamp":"2024-10-26T12:20:50.825Z"}
{"email":"nick@gmail.com","level":"error","message":"Unable to Create Customer Error 500","timestamp":"2024-10-26T12:20:58.246Z"}
{"email":"nick@gmail.com","level":"error","message":"Unable to Create Customer Error 500","timestamp":"2024-10-26T12:20:58.249Z"}
{"email":"nick@gmail.com","level":"error","message":"Unable to Create Customer Error 500","timestamp":"2024-10-26T13:05:12.101Z"}
{"email":"nick@gmail.com","level":"error","message":"Unable to Create Customer Error 500","timestamp":"2024-10-26T13:05:12.104Z"}
{"email":"nick@gmail.com","level":"error","message":"Unable to Create Customer Error 500","timestamp":"2024-10-26T13:34:03.144Z"}
{"email":"nick@gmail.com","level":"error","message":"Unable to Create Customer Error 500","timestamp":"2024-10-26T13:34:03.150Z"}
{"email":"nick@gmail.com","level":"error","message":"Unable to Create Customer Error 500","timestamp":"2024-10-26T14:52:05.896Z"}
{"email":"nick@gmail.com","level":"error","message":"Unable to Create Customer Error 500","timestamp":"2024-10-26T14:52:05.900Z"}
{"email":"nick@gmail.com","level":"error","message":"Unable to Create Customer Error 500","timestamp":"2024-10-26T14:53:34.101Z"}
{"email":"nick@gmail.com","level":"error","message":"Unable to Create Customer Error 500","timestamp":"2024-10-26T14:53:34.110Z"}
{"email":"nick@gmail.com","level":"error","message":"Unable to Create Customer Error 500","timestamp":"2024-10-26T14:54:34.441Z"}
{"email":"nick@gmail.com","level":"error","message":"Unable to Create Customer Error 500","timestamp":"2024-10-26T14:54:34.475Z"}
{"email":"nick@gmail.com","level":"error","message":"Unable to Create Customer Error 500","timestamp":"2024-10-26T15:17:22.700Z"}
{"email":"nick@gmail.com","level":"error","message":"Unable to Create Customer Error 500","timestamp":"2024-10-26T15:17:22.703Z"}
{"email":"nick@gmail.com","level":"error","message":"Unable to delete job Error 500","timestamp":"2024-10-26T15:47:56.700Z"}
{"email":"nick@gmail.com","level":"error","message":"Unable to delete job Error 500","timestamp":"2024-10-26T15:48:49.476Z"}
{"email":"nick@gmail.com","level":"error","message":"Unable to delete job Error 500","timestamp":"2024-10-26T15:49:45.749Z"}
{"email":"nick@gmail.com","level":"error","message":"Unable to delete job Error 500","timestamp":"2024-10-26T15:51:44.850Z"}
{"email":"nick@gmail.com","level":"error","message":"Unable to delete job Error 500","timestamp":"2024-10-26T15:55:02.596Z"}
{"email":"nick@gmail.com","level":"error","message":"Unable to delete job Error 500","timestamp":"2024-10-26T15:55:03.084Z"}
{"email":"nick@gmail.com","level":"error","message":"Unable to delete job Error 500","timestamp":"2024-10-26T16:10:50.599Z"}
{"email":"nick@gmail.com","level":"error","message":"Unable to Create Customer Error 500","timestamp":"2024-10-26T16:11:09.294Z"}
{"email":"nick@gmail.com","level":"error","message":"Unable to Create Customer Error 500","timestamp":"2024-10-26T16:11:09.631Z"}
{"email":"nick@gmail.com","level":"error","message":"Unable to Create Customer Error 500","timestamp":"2024-10-26T16:14:53.963Z"}
{"email":"nick@gmail.com","level":"error","message":"Unable to Create Customer Error 500","timestamp":"2024-10-26T16:15:23.674Z"}
{"email":"nick@gmail.com","level":"error","message":"Unable to Create Customer Error 500","timestamp":"2024-10-26T16:17:12.484Z"}
{"email":"nick@gmail.com","level":"error","message":"Unable to Create Customer Error 500","timestamp":"2024-10-26T16:17:31.460Z"}
{"email":"nick@gmail.com","level":"error","message":"Unable to Create Customer Error 500","timestamp":"2024-10-26T16:18:58.828Z"}
{"email":"nick@gmail.com","level":"error","message":"Unable to Create Customer Error 500","timestamp":"2024-10-26T16:19:37.109Z"}
{"email":"nick@gmail.com","level":"error","message":"Unable to Create Customer Error 500","timestamp":"2024-10-26T16:20:48.891Z"}
{"email":"nick@gmail.com","level":"error","message":"Unable to Create Customer Error 500","timestamp":"2024-10-26T16:20:48.898Z"}
{"email":"nick@gmail.com","level":"error","message":"Unable to Create Customer Error 500","timestamp":"2024-10-26T16:20:53.140Z"}
{"email":"nick@gmail.com","level":"error","message":"Unable to Create Customer Error 500","timestamp":"2024-10-26T16:24:17.112Z"}
{"email":"nick@gmail.com","level":"error","message":"Unable to Create Customer Error 500","timestamp":"2024-10-26T16:24:57.636Z"}
{"email":"nick@gmail.com","level":"error","message":"Unable to Create Customer Error 500","timestamp":"2024-10-26T16:24:58.835Z"}
{"email":"nick@gmail.com","level":"error","message":"Unable to Create Customer Error 500","timestamp":"2024-10-26T16:29:22.733Z"}
{"email":"nick@gmail.com","level":"error","message":"Unable to Create Customer Error 500","timestamp":"2024-10-26T16:29:23.441Z"}
{"email":"nick@gmail.com","level":"error","message":"Unable to Create Customer Error 500","timestamp":"2024-10-26T16:29:36.350Z"}
{"email":"nick@gmail.com","level":"error","message":"Unable to Create Customer Error 500","timestamp":"2024-10-26T16:30:56.525Z"}
{"email":"nick@gmail.com","level":"error","message":"Unable to Create Customer Error 500","timestamp":"2024-10-26T16:32:03.150Z"}
